Removed Pin From Net: NetName=GND Pin=C5-2
Removed Pin From Net: NetName=GND Pin=C6-2
Removed Pin From Net: NetName=GND Pin=C7-2
Removed Pin From Net: NetName=GND Pin=C8-2
Removed Pin From Net: NetName=GND Pin=C10-2
Removed Pin From Net: NetName=GND Pin=C15-2
Removed Pin From Net: NetName=GND Pin=C16-2
Removed Pin From Net: NetName=GND Pin=C17-2
Removed Pin From Net: NetName=GND Pin=C18-2
Removed Pin From Net: NetName=GND Pin=C23-2
Removed Pin From Net: NetName=GND Pin=C24-2
Removed Pin From Net: NetName=GND Pin=C25-2
Removed Pin From Net: NetName=GND Pin=C26-2
Removed Pin From Net: NetName=GND Pin=D2-1
Removed Pin From Net: NetName=GND Pin=S1-5
Removed Pin From Net: NetName=+5V0 Pin=S1-6
Removed Pin From Net: NetName=GND Pin=U1-9
Removed Pin From Net: NetName=A7 Pin=U1-11
Removed Pin From Net: NetName=A4 Pin=U1-12
Removed Pin From Net: NetName=A3 Pin=U1-13
Removed Pin From Net: NetName=A0 Pin=U1-14
Removed Pin From Net: NetName=GND Pin=U1-15
Removed Pin From Net: NetName=GND Pin=U2-9
Removed Pin From Net: NetName=B7 Pin=U2-11
Removed Pin From Net: NetName=B6 Pin=U2-12
Removed Pin From Net: NetName=B1 Pin=U2-13
Removed Pin From Net: NetName=B0 Pin=U2-14
Removed Pin From Net: NetName=GND Pin=U2-15
Removed Pin From Net: NetName=GND Pin=U3-9
Removed Pin From Net: NetName=C7 Pin=U3-11
Removed Pin From Net: NetName=C4 Pin=U3-12
Removed Pin From Net: NetName=C3 Pin=U3-13
Removed Pin From Net: NetName=C0 Pin=U3-14
Removed Pin From Net: NetName=GND Pin=U3-15
Removed Pin From Net: NetName=GND Pin=U4-9
Removed Pin From Net: NetName=D7 Pin=U4-11
Removed Pin From Net: NetName=D4 Pin=U4-12
Removed Pin From Net: NetName=D3 Pin=U4-13
Removed Pin From Net: NetName=D0 Pin=U4-14
Removed Pin From Net: NetName=GND Pin=U4-15
Removed Pin From Net: NetName=GND Pin=U5-9
Removed Pin From Net: NetName=A1 Pin=U5-11
Removed Pin From Net: NetName=A2 Pin=U5-12
Removed Pin From Net: NetName=A5 Pin=U5-13
Removed Pin From Net: NetName=A6 Pin=U5-14
Removed Pin From Net: NetName=GND Pin=U5-15
Removed Pin From Net: NetName=GND Pin=U6-9
Removed Pin From Net: NetName=B2 Pin=U6-11
Removed Pin From Net: NetName=B3 Pin=U6-12
Removed Pin From Net: NetName=B4 Pin=U6-13
Removed Pin From Net: NetName=B5 Pin=U6-14
Removed Pin From Net: NetName=GND Pin=U6-15
Removed Pin From Net: NetName=GND Pin=U7-9
Removed Pin From Net: NetName=C1 Pin=U7-11
Removed Pin From Net: NetName=C2 Pin=U7-12
Removed Pin From Net: NetName=C5 Pin=U7-13
Removed Pin From Net: NetName=C6 Pin=U7-14
Removed Pin From Net: NetName=GND Pin=U7-15
Removed Pin From Net: NetName=GND Pin=U8-9
Removed Pin From Net: NetName=D1 Pin=U8-11
Removed Pin From Net: NetName=D2 Pin=U8-12
Removed Pin From Net: NetName=D5 Pin=U8-13
Removed Pin From Net: NetName=D6 Pin=U8-14
Removed Pin From Net: NetName=GND Pin=U8-15
Removed Member From Class: ClassName=Input Member=C1
Removed Member From Class: ClassName=Input Member=C2
Removed Member From Class: ClassName=Input Member=C3
Removed Member From Class: ClassName=Input Member=C4
Removed Member From Class: ClassName=Input Member=C5
Removed Member From Class: ClassName=Input Member=C6
Removed Member From Class: ClassName=Input Member=C7
Removed Member From Class: ClassName=Input Member=C8
Removed Member From Class: ClassName=Input Member=C9
Removed Member From Class: ClassName=Input Member=C10
Removed Member From Class: ClassName=Input Member=C11
Removed Member From Class: ClassName=Input Member=C12
Removed Member From Class: ClassName=Input Member=C13
Removed Member From Class: ClassName=Input Member=C14
Removed Member From Class: ClassName=Input Member=C15
Removed Member From Class: ClassName=Input Member=C16
Removed Member From Class: ClassName=Input Member=C17
Removed Member From Class: ClassName=Input Member=C18
Removed Member From Class: ClassName=Input Member=C19
Removed Member From Class: ClassName=Input Member=C20
Removed Member From Class: ClassName=Input Member=C21
Removed Member From Class: ClassName=Input Member=C22
Removed Member From Class: ClassName=Input Member=C23
Removed Member From Class: ClassName=Input Member=C24
Removed Member From Class: ClassName=Input Member=C25
Removed Member From Class: ClassName=Input Member=C26
Removed Member From Class: ClassName=Input Member=D1
Removed Member From Class: ClassName=Input Member=D2
Removed Member From Class: ClassName=Input Member=S1
Removed Member From Class: ClassName=Input Member=U1
Removed Member From Class: ClassName=Input Member=U2
Removed Member From Class: ClassName=Input Member=U3
Removed Member From Class: ClassName=Input Member=U4
Removed Member From Class: ClassName=Input Member=U5
Removed Member From Class: ClassName=Input Member=U6
Removed Member From Class: ClassName=Input Member=U7
Removed Member From Class: ClassName=Input Member=U8
Removed Member From Class: ClassName=Input Member=U9
Removed Member From Class: ClassName=Input Member=U10
Change component parameters: Designator = "P1"; Footprint = "Connector 68 plug"; UniqueID = "\DODSHPQL"
Change component parameters. Clean all parameters for all variants
Change component parameters (AddParameter): Name = "DatasheetDocument"; Value = "1-Oct-1983"; VariantName = "[No Variations]"
Change component parameters (AddParameter): Name = "LatestRevisionDate"; Value = "17-Jul-2002"; VariantName = "[No Variations]"
Change component parameters (AddParameter): Name = "LatestRevisionNote"; Value = "Re-released for DXP Platform."; VariantName = "[No Variations]"
Change component parameters (AddParameter): Name = "Orientation"; Value = "Right Angle"; VariantName = "[No Variations]"
Change component parameters (AddParameter): Name = "PackageDocument"; Value = "B"; VariantName = "[No Variations]"
Change component parameters (AddParameter): Name = "PackageReference"; Value = "178240-8"; VariantName = "[No Variations]"
Change component parameters (AddParameter): Name = "Positions"; Value = "68"; VariantName = "[No Variations]"
Change component parameters (AddParameter): Name = "Published"; Value = "15-Jun-2001"; VariantName = "[No Variations]"
Change component parameters (AddParameter): Name = "Publisher"; Value = "Altium Limited"; VariantName = "[No Variations]"
Added Pin To Net: NetName=D7 Pin=P1-1
Added Pin To Net: NetName=GND Pin=P1-2
Added Pin To Net: NetName=D5 Pin=P1-3
Added Pin To Net: NetName=GND Pin=P1-4
Added Pin To Net: NetName=D3 Pin=P1-5
Added Pin To Net: NetName=GND Pin=P1-6
Added Pin To Net: NetName=D1 Pin=P1-7
Added Pin To Net: NetName=C7 Pin=P1-9
Added Pin To Net: NetName=GND Pin=P1-10
Added Pin To Net: NetName=C5 Pin=P1-11
Added Pin To Net: NetName=GND Pin=P1-12
Added Pin To Net: NetName=C3 Pin=P1-13
Added Pin To Net: NetName=GND Pin=P1-14
Added Pin To Net: NetName=C2 Pin=P1-15
Added Pin To Net: NetName=GND Pin=P1-16
Added Pin To Net: NetName=B7 Pin=P1-17
Added Pin To Net: NetName=GND Pin=P1-18
Added Pin To Net: NetName=B5 Pin=P1-19
Added Pin To Net: NetName=GND Pin=P1-20
Added Pin To Net: NetName=B3 Pin=P1-21
Added Pin To Net: NetName=GND Pin=P1-22
Added Pin To Net: NetName=B1 Pin=P1-23
Added Pin To Net: NetName=GND Pin=P1-24
Added Pin To Net: NetName=A7 Pin=P1-25
Added Pin To Net: NetName=GND Pin=P1-26
Added Pin To Net: NetName=A5 Pin=P1-27
Added Pin To Net: NetName=GND Pin=P1-28
Added Pin To Net: NetName=A3 Pin=P1-29
Added Pin To Net: NetName=A1 Pin=P1-31
Added Pin To Net: NetName=GND Pin=P1-32
Added Pin To Net: NetName=GND Pin=P1-34
Added Pin To Net: NetName=D6 Pin=P1-35
Added Pin To Net: NetName=GND Pin=P1-36
Added Pin To Net: NetName=D4 Pin=P1-37
Added Pin To Net: NetName=GND Pin=P1-38
Added Pin To Net: NetName=D2 Pin=P1-39
Added Pin To Net: NetName=GND Pin=P1-40
Added Pin To Net: NetName=D0 Pin=P1-41
Added Pin To Net: NetName=GND Pin=P1-42
Added Pin To Net: NetName=C6 Pin=P1-43
Added Pin To Net: NetName=GND Pin=P1-44
Added Pin To Net: NetName=C4 Pin=P1-45
Added Pin To Net: NetName=GND Pin=P1-46
Added Pin To Net: NetName=C2 Pin=P1-47
Added Pin To Net: NetName=GND Pin=P1-48
Added Pin To Net: NetName=C0 Pin=P1-49
Added Pin To Net: NetName=GND Pin=P1-50
Added Pin To Net: NetName=B6 Pin=P1-51
Added Pin To Net: NetName=GND Pin=P1-52
Added Pin To Net: NetName=B4 Pin=P1-53
Added Pin To Net: NetName=GND Pin=P1-54
Added Pin To Net: NetName=B2 Pin=P1-55
Added Pin To Net: NetName=GND Pin=P1-56
Added Pin To Net: NetName=B0 Pin=P1-57
Added Pin To Net: NetName=GND Pin=P1-58
Added Pin To Net: NetName=A6 Pin=P1-59
Added Pin To Net: NetName=A4 Pin=P1-61
Added Pin To Net: NetName=GND Pin=P1-62
Added Pin To Net: NetName=A2 Pin=P1-63
Added Pin To Net: NetName=A0 Pin=P1-65
Added Pin To Net: NetName=GND Pin=P1-66
Added Pin To Net: NetName=GND Pin=P1-68
Added Room: Name=Input
