Removed Pin From Net: NetName=NA1 Pin=C20-1
Removed Pin From Net: NetName=NA5 Pin=C22-1
Removed Pin From Net: NetName=NA7 Pin=C23-1
Removed Pin From Net: NetName=NB3 Pin=C25-1
Removed Pin From Net: NetName=NB5 Pin=C26-1
Removed Pin From Net: NetName=NC1 Pin=C28-1
Removed Pin From Net: NetName=NC3 Pin=C29-1
Removed Pin From Net: NetName=NC7 Pin=C31-1
Removed Pin From Net: NetName=ND1 Pin=C32-1
Removed Pin From Net: NetName=ND5 Pin=C34-1
Removed Pin From Net: NetName=NA1 Pin=R19-1
Removed Pin From Net: NetName=NA5 Pin=R21-1
Removed Pin From Net: NetName=NA7 Pin=R22-1
Removed Pin From Net: NetName=NB3 Pin=R24-1
Removed Pin From Net: NetName=NB5 Pin=R25-1
Removed Pin From Net: NetName=NC1 Pin=R27-1
Removed Pin From Net: NetName=NC3 Pin=R28-1
Removed Pin From Net: NetName=NC7 Pin=R30-1
Removed Pin From Net: NetName=ND1 Pin=R31-1
Removed Pin From Net: NetName=ND5 Pin=R33-1
Removed Pin From Net: NetName=A5 Pin=U10-10
Removed Pin From Net: NetName=A1 Pin=U10-14
Removed Pin From Net: NetName=B3 Pin=U11-10
Removed Pin From Net: NetName=A7 Pin=U11-14
Removed Pin From Net: NetName=C1 Pin=U12-10
Removed Pin From Net: NetName=B5 Pin=U12-14
Removed Pin From Net: NetName=C7 Pin=U13-10
Removed Pin From Net: NetName=C3 Pin=U13-14
Removed Pin From Net: NetName=D5 Pin=U14-10
Removed Pin From Net: NetName=D1 Pin=U14-14
Added Pin To Net: NetName=NA5 Pin=C20-1
Added Pin To Net: NetName=NA1 Pin=C22-1
Added Pin To Net: NetName=NB3 Pin=C23-1
Added Pin To Net: NetName=NA7 Pin=C25-1
Added Pin To Net: NetName=NC1 Pin=C26-1
Added Pin To Net: NetName=NB5 Pin=C28-1
Added Pin To Net: NetName=NC7 Pin=C29-1
Added Pin To Net: NetName=NC3 Pin=C31-1
Added Pin To Net: NetName=ND5 Pin=C32-1
Added Pin To Net: NetName=ND1 Pin=C34-1
Added Pin To Net: NetName=NA5 Pin=R19-1
Added Pin To Net: NetName=NA1 Pin=R21-1
Added Pin To Net: NetName=NB3 Pin=R22-1
Added Pin To Net: NetName=NA7 Pin=R24-1
Added Pin To Net: NetName=NC1 Pin=R25-1
Added Pin To Net: NetName=NB5 Pin=R27-1
Added Pin To Net: NetName=NC7 Pin=R28-1
Added Pin To Net: NetName=NC3 Pin=R30-1
Added Pin To Net: NetName=ND5 Pin=R31-1
Added Pin To Net: NetName=ND1 Pin=R33-1
Added Pin To Net: NetName=A1 Pin=U10-10
Added Pin To Net: NetName=A5 Pin=U10-14
Added Pin To Net: NetName=A7 Pin=U11-10
Added Pin To Net: NetName=B3 Pin=U11-14
Added Pin To Net: NetName=B5 Pin=U12-10
Added Pin To Net: NetName=C1 Pin=U12-14
Added Pin To Net: NetName=C3 Pin=U13-10
Added Pin To Net: NetName=C7 Pin=U13-14
Added Pin To Net: NetName=D1 Pin=U14-10
Added Pin To Net: NetName=D5 Pin=U14-14
Added Room: Name=Input
